# JRE version: OpenJDK Runtime Environment Corretto-21.0.4.7.1 (21.0.4+7) (build 21.0.4+7-LTS)
# Java VM: OpenJDK 64-Bit Server VM Corretto-21.0.4.7.1 (21.0.4+7-LTS, mixed mode, emulated-client, sharing, tiered, compressed oops, compressed class ptrs, g1 gc, windows-amd64)
GC Precious Log:
 CardTable entry size: 512
 Card Set container configuration: InlinePtr #cards 4 size 8 Array Of Cards #cards 16 size 48 Howl #buckets 8 coarsen threshold 3686 Howl Bitmap #cards 512 size 80 coarsen threshold 460 Card regions per heap region 1 cards per card region 4096
 CPUs: 4 total, 4 available
 Memory: 12169M
 Large Page Support: Disabled
 NUMA Support: Disabled
 Compressed Oops: Enabled (Zero based)
 Heap Region Size: 2M
 Heap Min Capacity: 8M
 Heap Initial Capacity: 192M
 Heap Max Capacity: 3044M
 Pre-touch: Disabled
 Parallel Workers: 4
 Concurrent Workers: 1
 Concurrent Refinement Workers: 4
 Periodic GC: Disabled
Heap:
 garbage-first heap   total 196608K, used 79616K [0x0000000741c00000, 0x0000000800000000)
  region size 2048K, 3 young (6144K), 2 survivors (4096K)
 Metaspace       used 72113K, committed 72896K, reserved 1114112K
  class space    used 10043K, committed 10432K, reserved 1048576K
GC Heap History (20 events):
Event: 25.441 GC heap before
{Heap before GC invocations=26 (full 0):
 garbage-first heap   total 83968K, used 70236K [0x0000000741c00000, 0x0000000800000000)
  region size 2048K, 16 young (32768K), 3 survivors (6144K)
 Metaspace       used 64735K, committed 65536K, reserved 1114112K
  class space    used 9046K, committed 9408K, reserved 1048576K
}
Event: 25.457 GC heap after
{Heap after GC invocations=27 (full 0):
 garbage-first heap   total 83968K, used 47692K [0x0000000741c00000, 0x0000000800000000)
  region size 2048K, 2 young (4096K), 2 survivors (4096K)
 Metaspace       used 64735K, committed 65536K, reserved 1114112K
  class space    used 9046K, committed 9408K, reserved 1048576K
}
Event: 25.684 GC heap before
{Heap before GC invocations=27 (full 0):
 garbage-first heap   total 83968K, used 70220K [0x0000000741c00000, 0x0000000800000000)
  region size 2048K, 14 young (28672K), 2 survivors (4096K)
 Metaspace       used 64748K, committed 65536K, reserved 1114112K
  class space    used 9048K, committed 9408K, reserved 1048576K
}
Event: 25.706 GC heap after
{Heap after GC invocations=28 (full 0):
 garbage-first heap   total 104448K, used 53894K [0x0000000741c00000, 0x0000000800000000)
  region size 2048K, 2 young (4096K), 2 survivors (4096K)
 Metaspace       used 64748K, committed 65536K, reserved 1114112K
  class space    used 9048K, committed 9408K, reserved 1048576K
}
Event: 26.452 GC heap before
{Heap before GC invocations=28 (full 0):
 garbage-first heap   total 104448K, used 86662K [0x0000000741c00000, 0x0000000800000000)
  region size 2048K, 19 young (38912K), 2 survivors (4096K)
 Metaspace       used 64826K, committed 65600K, reserved 1114112K
  class space    used 9058K, committed 9408K, reserved 1048576K
}
Event: 26.467 GC heap after
{Heap after GC invocations=29 (full 0):
 garbage-first heap   total 104448K, used 61766K [0x0000000741c00000, 0x0000000800000000)
  region size 2048K, 3 young (6144K), 3 survivors (6144K)
 Metaspace       used 64826K, committed 65600K, reserved 1114112K
  class space    used 9058K, committed 9408K, reserved 1048576K
}
Event: 26.703 GC heap before
{Heap before GC invocations=29 (full 0):
 garbage-first heap   total 104448K, used 86342K [0x0000000741c00000, 0x0000000800000000)
  region size 2048K, 16 young (32768K), 3 survivors (6144K)
 Metaspace       used 64844K, committed 65600K, reserved 1114112K
  class space    used 9063K, committed 9408K, reserved 1048576K
}
Event: 26.719 GC heap after
{Heap after GC invocations=30 (full 0):
 garbage-first heap   total 104448K, used 69583K [0x0000000741c00000, 0x0000000800000000)
  region size 2048K, 2 young (4096K), 2 survivors (4096K)
 Metaspace       used 64844K, committed 65600K, reserved 1114112K
  class space    used 9063K, committed 9408K, reserved 1048576K
}
Event: 26.930 GC heap before
{Heap before GC invocations=30 (full 0):
 garbage-first heap   total 104448K, used 90063K [0x0000000741c00000, 0x0000000800000000)
  region size 2048K, 12 young (24576K), 2 survivors (4096K)
 Metaspace       used 64844K, committed 65600K, reserved 1114112K
  class space    used 9063K, committed 9408K, reserved 1048576K
}
Event: 26.953 GC heap after
{Heap after GC invocations=31 (full 0):
 garbage-first heap   total 104448K, used 75763K [0x0000000741c00000, 0x0000000800000000)
  region size 2048K, 2 young (4096K), 2 survivors (4096K)
 Metaspace       used 64844K, committed 65600K, reserved 1114112K
  class space    used 9063K, committed 9408K, reserved 1048576K
}
Event: 27.972 GC heap before
{Heap before GC invocations=32 (full 0):
 garbage-first heap   total 126976K, used 92147K [0x0000000741c00000, 0x0000000800000000)
  region size 2048K, 10 young (20480K), 2 survivors (4096K)
 Metaspace       used 64771K, committed 65600K, reserved 1114112K
  class space    used 9051K, committed 9408K, reserved 1048576K
}
Event: 27.982 GC heap after
{Heap after GC invocations=33 (full 0):
 garbage-first heap   total 126976K, used 78551K [0x0000000741c00000, 0x0000000800000000)
  region size 2048K, 2 young (4096K), 2 survivors (4096K)
 Metaspace       used 64771K, committed 65600K, reserved 1114112K
  class space    used 9051K, committed 9408K, reserved 1048576K
}
Event: 28.644 GC heap before
{Heap before GC invocations=33 (full 0):
 garbage-first heap   total 126976K, used 107223K [0x0000000741c00000, 0x0000000800000000)
  region size 2048K, 16 young (32768K), 2 survivors (4096K)
 Metaspace       used 65539K, committed 66368K, reserved 1114112K
  class space    used 9169K, committed 9536K, reserved 1048576K
}
Event: 28.664 GC heap after
{Heap after GC invocations=34 (full 0):
 garbage-first heap   total 196608K, used 76138K [0x0000000741c00000, 0x0000000800000000)
  region size 2048K, 2 young (4096K), 2 survivors (4096K)
 Metaspace       used 65539K, committed 66368K, reserved 1114112K
  class space    used 9169K, committed 9536K, reserved 1048576K
}
Event: 155.906 GC heap before
{Heap before GC invocations=34 (full 0):
 garbage-first heap   total 196608K, used 145770K [0x0000000741c00000, 0x0000000800000000)
  region size 2048K, 36 young (73728K), 2 survivors (4096K)
 Metaspace       used 69848K, committed 70592K, reserved 1114112K
  class space    used 9754K, committed 10112K, reserved 1048576K
}
Event: 155.918 GC heap after
{Heap after GC invocations=35 (full 0):
 garbage-first heap   total 196608K, used 78440K [0x0000000741c00000, 0x0000000800000000)
  region size 2048K, 4 young (8192K), 4 survivors (8192K)
 Metaspace       used 69848K, committed 70592K, reserved 1114112K
  class space    used 9754K, committed 10112K, reserved 1048576K
}
Event: 347.932 GC heap before
{Heap before GC invocations=35 (full 0):
 garbage-first heap   total 196608K, used 156264K [0x0000000741c00000, 0x0000000800000000)
  region size 2048K, 42 young (86016K), 4 survivors (8192K)
 Metaspace       used 72113K, committed 72896K, reserved 1114112K
  class space    used 10043K, committed 10432K, reserved 1048576K
}
Event: 347.943 GC heap after
{Heap after GC invocations=36 (full 0):
 garbage-first heap   total 196608K, used 80005K [0x0000000741c00000, 0x0000000800000000)
  region size 2048K, 2 young (4096K), 2 survivors (4096K)
 Metaspace       used 72113K, committed 72896K, reserved 1114112K
  class space    used 10043K, committed 10432K, reserved 1048576K
}
Event: 614.642 GC heap before
{Heap before GC invocations=36 (full 0):
 garbage-first heap   total 196608K, used 166021K [0x0000000741c00000, 0x0000000800000000)
  region size 2048K, 44 young (90112K), 2 survivors (4096K)
 Metaspace       used 72113K, committed 72896K, reserved 1114112K
  class space    used 10043K, committed 10432K, reserved 1048576K
}
Event: 614.648 GC heap after
{Heap after GC invocations=37 (full 0):
 garbage-first heap   total 196608K, used 79616K [0x0000000741c00000, 0x0000000800000000)
  region size 2048K, 2 young (4096K), 2 survivors (4096K)
 Metaspace       used 72113K, committed 72896K, reserved 1114112K
  class space    used 10043K, committed 10432K, reserved 1048576K
}

